### ISSUE TITLE
Graphics crash when using EnableImplicitMT() with a python for loop

### ISSUE THREAD

**Issue by dudarboh** [root-project/root#12496]
### Describe the bug
Drawing histograms one by one in a python loop crashes if `EnableImplicitMT()` is enabled.

### Expected behavior
Everything works in single threaded mode, so I would assume crash could be avoided with multithreading as well.
If not, exception still would be better.

### To Reproduce
```python
import ROOT
# comment next line and everything works
ROOT.EnableImplicitMT()

vars = ["x", "x2"]

def get_histos():
    df = ROOT.RDataFrame(10)\
             .Define("x", "rdfentry_")\
             .Define("x2", "rdfentry_*rdfentry_")
    
    histos = []
    for var in vars:
        h = df.Histo1D(("h_{}".format(var), "{}; x; y".format(var), 100, 0, 100), var)
        histos.append(h)
    # event loop runs here
    histos = [h.GetValue() for h in histos]
    return histos

histos = get_histos()
for var, h in zip(vars, histos):
    canvas = ROOT.TCanvas("{}".format(var))
    h.Draw()
    canvas.Update()
    input("Press something to get the next histogram")

```
### Setup
1. ROOT version: 6.26/06
2. OS: Centos 7
3. ROOT is from cvmfs package `source /cvmfs/ilc.desy.de/key4hep/setup.sh`
4. Python: 3.9.10

### Additional context
Initially submitted on forum:
https://root-forum.cern.ch/t/rdataframe-multithreading-seg-faults-with-python-for-loops/53963

**Comment by couet** [comment]
I do not get any crashes with python3, with ROOT master on Mac.

**Comment by dudarboh** [comment]
You might need to run the reproducible few times, as it may be random occurrence event

**Comment by couet** [comment]
I did several times ... no crash,

**Comment by eguiraud** [comment]
@couet this is a real issue, I could reproduce it with a debug build of the current master branch (see [here](https://root-forum.cern.ch/t/rdataframe-multithreading-seg-faults-with-python-for-loops/53963/2)). Maybe it's an impression but it seems to happen more often if I move the first window before pressing enter at the prompt the first time.

@dudarboh in order to let Olivier reproduce this, can you reproduce it on lxplus or in a docker container?

**Comment by dudarboh** [comment]
I don't have access to lxplus, unfortunately.

I can try to set up the docker container, but my docker knowledge is quite poor. I guess I can take it as an exercise.
I will have time to play with this next week.

**Comment by dudarboh** [comment]
Update:
Unfortunately, I couldn't manage to make docker container with both pyROOT and X11 graphics running...
So I don't have a nice reproducible for Oliver yet...


However, I have tried to reproduce the same problem with plain C++.
And I have noticed something weird, when I try to match python code logic with:

```cpp
//test.cpp
void test(){
    ROOT::EnableImplicitMT();

    ROOT::RDataFrame df = ROOT::RDataFrame(10);
    auto df2 = df.Define("x", "rdfentry_").Define("x2", "rdfentry_*rdfentry_");
    
    std::vector<TH1D*> histos;
    auto h1 = df2.Histo1D({"h1", "h1; x; x", 100, 0, 100}, "x");
    auto h2 = df2.Histo1D({"h2", "h2; x; x2", 100, 0, 100}, "x2");
    histos.push_back(h1.GetPtr());
    histos.push_back(h2.GetPtr());

    for (auto* h : histos){
        TCanvas* canvas = new TCanvas( Form("%s", h->GetName()) );
        h->DrawClone();
        std::cout<<"Successfully plotted the histogram. Please type something to get the next one: "<<std::endl;
        std::string dummy;
        std::cin>> dummy;
    }
}
```
After running `root test.cpp` I get the output in the following order:

1. "Successfully plotted the histogram. Please type something to get the next one:" from std::cout
2. I send "42" for std::cin request
3. "Successfully plotted the histogram. Please type something to get the next one:" from std::cout
**and single blank canvas appears**
4. I send "42" for std::cin request
5. **Two canvases filled with two histograms appear**

The order seems off from expected "histogram per iteration" logic and plotting happens at the very end of the for loop.
@couet could you reproduce this?

I assume this is reasonable with `ROOT::EnableImplicitMT();`, if the same happens with python then not all canvases might  be alive in the end..

So far I couldn't get a seg. fault crash with C++.

@eguiraud did you manage to reproduce it with lxplus or on your local setup?
If you have it reproducible on lxplus, maybe you can share it with Oliver.

**Comment by couet** [comment]
I see the two plot appear at the end of the loop. I guess you would need a `gPad->Update()` after the plot. No crash either.... Sorry for the very ate follow up ...

**Comment by dudarboh** [comment]
Hi Oliver, thanks for the follow up!
I did a bit more investigation:

Here is even more reduced reproducible code in python3 with ROOT 6.26/10 on Centos7:

```python
import ROOT

def test_function():
    # comment next line and everything works
    ROOT.EnableImplicitMT(2)
    test = ROOT.TCanvas("test", "test", 800, 800)
    print("First canvas has been created")
    print("Next: Create canvas again with the same name and get the warning")
    test = ROOT.TCanvas("test", "test2", 800, 800)
    print("Second canvas has been created.
    print("I should have gotten undefined behaviour at this point. E.g. Seg. fault.")

test_function()
```
It seems to return undefined behaviour (as sometimes it works, sometimes it doesn't) somewhere during the initialisation of the second canvas...
Here is the full backtrace, when it returns the seg. fault:

```batch
First canvas has been created
Next: Create canvas again with the same name and get the warning
Warning in <TCanvas::Constructor>: Deleting canvas with same name: test
 *** Break *** segmentation violation



===========================================================
There was a crash.
This is the entire stack trace of all threads:
===========================================================
   0x7faec017ddd7 <pthread_cond_timedwait

GLIBC_2.3.2+295> add    rdi, 0x4
   0x7faec017dddb <pthread_cond_timedwait

GLIBC_2.3.2+299> mov    eax, 0xca
   0x7faec017dde0 <pthread_cond_timedwait

GLIBC_2.3.2+304> syscall 
   0x7faec017dde5 <pthread_cond_timedwait

GLIBC_2.3.2+309> mov    edi, DWORD PTR [rsp]
   0x7faec017dde8 <pthread_cond_timedwait

GLIBC_2.3.2+312> call   0x7faec01804a0 <__pthread_disable_asynccancel>
   0x7faec017dded <pthread_cond_timedwait

GLIBC_2.3.2+317> mov    rdi, QWORD PTR [rsp+0x8]
   0x7faec017ddf2 <pthread_cond_timedwait

GLIBC_2.3.2+322> mov    esi, 0x1
   0x7faec017ddf7 <pthread_cond_timedwait

GLIBC_2.3.2+327> xor    eax, eax

Thread 2 (Thread 0x7faea81b8700 (LWP 34896) "python3"):
#0  0x00007faebf760659 in waitpid () from /lib64/libc.so.6
#1  0x00007faebf6ddf62 in do_system () from /lib64/libc.so.6
#2  0x00007faebf6de311 in system () from /lib64/libc.so.6
#3  0x00007faebe8e6a9b in TUnixSystem::Exec (shellcmd=<optimized out>, this=0xccec00) at /tmp/madlener/spack-stage/spack-stage-root-6.26.06-dctcyvzmo7xg4dehiooyfl24oevtaids/spack-src/core/unix/src/TUnixSystem.cxx:2108
#4  TUnixSystem::StackTrace (this=0xccec00) at /tmp/madlener/spack-stage/spack-stage-root-6.26.06-dctcyvzmo7xg4dehiooyfl24oevtaids/spack-src/core/unix/src/TUnixSystem.cxx:2399
#5  0x00007faebec8afa3 in (anonymous namespace)::do_trace (sig=0x1) at /tmp/madlener/spack-stage/spack-stage-root-6.26.06-dctcyvzmo7xg4dehiooyfl24oevtaids/spack-src/bindings/pyroot/cppyy/cppyy-backend/clingwrapper/src/clingwrapper.cxx:182
#6  (anonymous namespace)::TExceptionHandlerImp::HandleException (this=<optimized out>, sig=0x1) at /tmp/madlener/spack-stage/spack-stage-root-6.26.06-dctcyvzmo7xg4dehiooyfl24oevtaids/spack-src/bindings/pyroot/cppyy/cppyy-backend/clingwrapper/src/clingwrapper.cxx:195
#7  0x00007faebe8e40a1 in TUnixSystem::DispatchSignals (this=0xccec00, sig=kSigSegmentationViolation) at /tmp/madlener/spack-stage/spack-stage-root-6.26.06-dctcyvzmo7xg4dehiooyfl24oevtaids/spack-src/core/unix/src/TUnixSystem.cxx:3614
#8  <signal handler called>
#9  0x00007faebe93656a in TNamed::Streamer (this=0x4991600, R__b=...) at /tmp/madlener/spack-stage/spack-stage-root-6.26.06-dctcyvzmo7xg4dehiooyfl24oevtaids/spack-build-dctcyvz/core/G__Core.cxx:21041
#10 0x00007faea6e9c223 in TCanvas::Resize (this=0x4cf5a50) at /tmp/madlener/spack-stage/spack-stage-root-6.26.06-dctcyvzmo7xg4dehiooyfl24oevtaids/spack-src/graf2d/gpad/src/TCanvas.cxx:1740
#11 0x00007fae9fca7ae8 in TRootCanvas::HandleContainerConfigure (this=0x4c0a660) at /tmp/madlener/spack-stage/spack-stage-root-6.26.06-dctcyvzmo7xg4dehiooyfl24oevtaids/spack-src/gui/gui/src/TRootCanvas.cxx:1789
#12 0x00007fae9fbe4a3d in TGFrame::HandleEvent (this=0x4c5e710, event=0x7faea81b7150) at /tmp/madlener/spack-stage/spack-stage-root-6.26.06-dctcyvzmo7xg4dehiooyfl24oevtaids/spack-src/gui/gui/src/TGFrame.cxx:476
#13 0x00007fae9fb946ba in TGClient::HandleEvent (this=0x406c600, event=0x7faea81b7150) at /tmp/madlener/spack-stage/spack-stage-root-6.26.06-dctcyvzmo7xg4dehiooyfl24oevtaids/spack-src/gui/gui/src/TGClient.cxx:844
#14 0x00007fae9fb949ed in TGClient::ProcessOneEvent (this=0x406c600) at /tmp/madlener/spack-stage/spack-stage-root-6.26.06-dctcyvzmo7xg4dehiooyfl24oevtaids/spack-src/gui/gui/src/TGClient.cxx:654
#15 TGClient::ProcessOneEvent (this=0x406c600) at /tmp/madlener/spack-stage/spack-stage-root-6.26.06-dctcyvzmo7xg4dehiooyfl24oevtaids/spack-src/gui/gui/src/TGClient.cxx:646
#16 0x00007fae9fb94a2b in TGClient::HandleInput (this=0x406c600) at /tmp/madlener/spack-stage/spack-stage-root-6.26.06-dctcyvzmo7xg4dehiooyfl24oevtaids/spack-src/gui/gui/src/TGClient.cxx:701
#17 0x00007faebe8e49b0 in TUnixSystem::DispatchOneEvent (this=0xccec00, pendingOnly=<optimized out>) at /tmp/madlener/spack-stage/spack-stage-root-6.26.06-dctcyvzmo7xg4dehiooyfl24oevtaids/spack-src/core/unix/src/TUnixSystem.cxx:1055
#18 0x00007faebe80ca1a in TSystem::ProcessEvents (this=0xccec00) at /tmp/madlener/spack-stage/spack-stage-root-6.26.06-dctcyvzmo7xg4dehiooyfl24oevtaids/spack-src/core/base/src/TSystem.cxx:424
#19 0x00007faec0f7c012 in ?? ()
#20 0x00007faeaa8aa990 in ?? ()
#21 0x00007faec0d8fdee in _dl_fixup () from /lib64/ld-linux-x86-64.so.2
#22 0x00007faea8293848 in ?? ()
#23 0x000000000389e880 in ?? ()
#24 0x00007faec0d8fdee in _dl_fixup () from /lib64/ld-linux-x86-64.so.2
#25 0x00007faea81b7600 in ?? ()
#26 0x00007faebf15a400 in CPyCppyy::op_str_internal(_object*, _object*, bool)::sOStringStreamID () from /cvmfs/ilc.desy.de/key4hep/spackages/root/6.26.06/x86_64-centos7-gcc11.2.0-opt/dctcyvzmo7xg4dehiooyfl24oevtaids/lib/libcppyy3_9.so
#27 0x00007faec0f28040 in ?? ()
#28 0x00007faea81b7600 in ?? ()
#29 0x0000000000000003 in ?? ()
#30 0x0000000000ccec00 in ?? ()
#31 0x00007faebec9209f in CallT<unsigned char> (args=<optimized out>, nargs=<optimized out>, self=<optimized out>, method=<optimized out>) at /tmp/madlener/spack-stage/spack-stage-root-6.26.06-dctcyvzmo7xg4dehiooyfl24oevtaids/spack-src/bindings/pyroot/cppyy/cppyy-backend/clingwrapper/src/clingwrapper.cxx:816
#32 Cppyy::CallB (method=<optimized out>, self=<optimized out>, nargs=<optimized out>, args=<optimized out>) at /tmp/madlener/spack-stage/spack-stage-root-6.26.06-dctcyvzmo7xg4dehiooyfl24oevtaids/spack-src/bindings/pyroot/cppyy/cppyy-backend/clingwrapper/src/clingwrapper.cxx:833
#33 0x00007faebef0bd7f in GILCallB (ctxt=0x7faea81b7720, self=<optimized out>, method=<optimized out>) at /tmp/madlener/spack-stage/spack-stage-root-6.26.06-dctcyvzmo7xg4dehiooyfl24oevtaids/spack-src/bindings/pyroot/cppyy/CPyCppyy/src/Executors.cxx:69
#34 CPyCppyy::(anonymous namespace)::BoolExecutor::Execute (this=<optimized out>, method=<optimized out>, self=<optimized out>, ctxt=0x7faea81b7720) at /tmp/madlener/spack-stage/spack-stage-root-6.26.06-dctcyvzmo7xg4dehiooyfl24oevtaids/spack-src/bindings/pyroot/cppyy/CPyCppyy/src/Executors.cxx:148
#35 0x00007faebeef8e16 in CPyCppyy::CPPMethod::ExecuteFast (self=<optimized out>, offset=<optimized out>, ctxt=<optimized out>, this=<optimized out>, this=<optimized out>) at /tmp/madlener/spack-stage/spack-stage-root-6.26.06-dctcyvzmo7xg4dehiooyfl24oevtaids/spack-src/bindings/pyroot/cppyy/CPyCppyy/src/CPPMethod.cxx:74
#36 0x00007faebeefbaf8 in CPyCppyy::CPPMethod::ExecuteProtected (this=this
entry=0xe0ba40, self=0xccec00, offset=0x0, ctxt=0x7faea81b7600) at /tmp/madlener/spack-stage/spack-stage-root-6.26.06-dctcyvzmo7xg4dehiooyfl24oevtaids/spack-src/bindings/pyroot/cppyy/CPyCppyy/src/CPPMethod.cxx:149
#37 0x00007faebeef9f5a in CPyCppyy::CPPMethod::Execute (this=this
entry=0xe0ba40, self=self
entry=0xccec00, offset=<optimized out>, ctxt=ctxt
entry=0x7faea81b7600) at /tmp/madlener/spack-stage/spack-stage-root-6.26.06-dctcyvzmo7xg4dehiooyfl24oevtaids/spack-src/bindings/pyroot/cppyy/CPyCppyy/src/CPPMethod.cxx:728
#38 0x00007faebeefac0c in CPyCppyy::CPPMethod::Call (this=0xe0ba40, self=
0x7faea81be7d0: 0x7faea8234280, args=(), kwds=<optimized out>, ctxt=0x7faea81b7600) at /tmp/madlener/spack-stage/spack-stage-root-6.26.06-dctcyvzmo7xg4dehiooyfl24oevtaids/spack-src/bindings/pyroot/cppyy/CPyCppyy/src/CPPMethod.cxx:783
#39 0x00007faebeeff07e in CPyCppyy::(anonymous namespace)::mp_call (pymeth=0x7faea81be7c0, args=(), kwds=0x0) at /tmp/madlener/spack-stage/spack-stage-root-6.26.06-dctcyvzmo7xg4dehiooyfl24oevtaids/spack-src/bindings/pyroot/cppyy/CPyCppyy/src/CPPOverload.cxx:566
#40 0x00007faec0888a78 in _PyObject_MakeTpCall (tstate=0x389e880, callable=<cppyy.CPPOverload at remote 0x7faea81be7c0>, args=<optimized out>, nargs=0x0, keywords=0x0) at Objects/call.c:191
#41 0x00007faec083e709 in _PyObject_VectorcallTstate (kwnames=0x0, nargsf=0x8000000000000000, args=0x7faea8293840, callable=<cppyy.CPPOverload at remote 0x7faea81be7c0>, tstate=<optimized out>) at ./Include/cpython/abstract.h:116
#42 _PyObject_VectorcallTstate (kwnames=0x0, nargsf=0x8000000000000000, args=0x7faea8293840, callable=<cppyy.CPPOverload at remote 0x7faea81be7c0>, tstate=<optimized out>) at ./Include/cpython/abstract.h:103
#43 PyObject_Vectorcall (kwnames=0x0, nargsf=0x8000000000000000, args=0x7faea8293840, callable=<cppyy.CPPOverload at remote 0x7faea81be7c0>) at ./Include/cpython/abstract.h:127
#44 call_function (kwnames=0x0, oparg=<optimized out>, pp_stack=<synthetic pointer>, tstate=0x389e880) at Python/ceval.c:5077
#45 _PyEval_EvalFrameDefault (tstate=<optimized out>, f=<optimized out>, throwflag=<optimized out>) at Python/ceval.c:3489
#46 0x00007faec096bb0e in _PyEval_EvalFrame (throwflag=0x0, f=Frame 0x7faea82936c0, for file /cvmfs/ilc.desy.de/key4hep/spackages/root/6.26.06/x86_64-centos7-gcc11.2.0-opt/dctcyvzmo7xg4dehiooyfl24oevtaids/lib/ROOT/_application.py, line 91, in _process_root_events (self=<PyROOTApplication(_is_ipython=False, keep_polling=True, process_root_events=<Thread(_target=<function at remote 0x7faea81bb8b0>, _name='Thread-1', _args=(<...>,), _kwargs={}, _daemonic=True, _ident=140388121413376, _native_id=34896, _tstate_lock=<_thread.lock at remote 0x7faea82355d0>, _started=<Event(_cond=<Condition(_lock=<_thread.lock at remote 0x7faec0dc70f0>, acquire=<built-in method acquire of _thread.lock object at remote 0x7faec0dc70f0>, release=<built-in method release of _thread.lock object at remote 0x7faec0dc70f0>, _waiters=<collections.deque at remote 0x7faec0dcd340>) at remote 0x7faec0dc7250>, _flag=True) at remote 0x7faec0dc7fa0>, _is_stopped=False, _initialized=True, _stderr=<_io.TextIOWrapper at remote 0x7faec0ecfe10>, _invoke_excepthook=<function at remote 0x7faea81bb940>) at remote 0x7...(truncated), tstate=0x389e880) at ./Include/internal/pycore_ceval.h:40
#47 _PyEval_EvalCode (tstate=tstate
entry=0x389e880, _co=_co
entry=<code at remote 0x7faea8233240>, globals=<optimized out>, locals=locals
entry=0x0, args=<optimized out>, argcount=0x1, kwnames=0x0, kwargs=0x7faec0df73c0, kwcount=0x0, kwstep=0x1, defs=0x0, defcount=0x0, kwdefs=0x0, closure=0x0, name='_process_root_events', qualname='PyROOTApplication.init_graphics.<locals>._process_root_events') at Python/ceval.c:4329
#48 0x00007faec0888801 in _PyFunction_Vectorcall (func=<optimized out>, stack=<optimized out>, nargsf=<optimized out>, kwnames=<optimized out>) at Objects/call.c:396
#49 0x00007faec083b714 in do_call_core (kwdict={}, callargs=(<PyROOTApplication(_is_ipython=False, keep_polling=True, process_root_events=<Thread(_target=<function at remote 0x7faea81bb8b0>, _name='Thread-1', _args=(...), _kwargs={}, _daemonic=True, _ident=140388121413376, _native_id=34896, _tstate_lock=<_thread.lock at remote 0x7faea82355d0>, _started=<Event(_cond=<Condition(_lock=<_thread.lock at remote 0x7faec0dc70f0>, acquire=<built-in method acquire of _thread.lock object at remote 0x7faec0dc70f0>, release=<built-in method release of _thread.lock object at remote 0x7faec0dc70f0>, _waiters=<collections.deque at remote 0x7faec0dcd340>) at remote 0x7faec0dc7250>, _flag=True) at remote 0x7faec0dc7fa0>, _is_stopped=False, _initialized=True, _stderr=<_io.TextIOWrapper at remote 0x7faec0ecfe10>, _invoke_excepthook=<function at remote 0x7faea81bb940>) at remote 0x7faec0dc7fd0>) at remote 0x7faec0dc7280>,), func=<function at remote 0x7faea81bb8b0>, tstate=0x389e880) at Python/ceval.c:5125
#50 _PyEval_EvalFrameDefault (tstate=<optimized out>, f=<optimized out>, throwflag=<optimized out>) at Python/ceval.c:3582
#51 0x00007faec08360ab in _PyEval_EvalFrame (throwflag=0x0, f=Frame 0x7faeaa8ff900, for file /cvmfs/ilc.desy.de/key4hep/spackages/python/3.9.10/x86_64-centos7-gcc11.2.0-opt/7j5vqgmqodwjxxe2ssf42zxb2uqxi374/lib/python3.9/threading.py, line 910, in run (self=<Thread(_target=<function at remote 0x7faea81bb8b0>, _name='Thread-1', _args=(<PyROOTApplication(_is_ipython=False, keep_polling=True, process_root_events=<...>) at remote 0x7faec0dc7280>,), _kwargs={}, _daemonic=True, _ident=140388121413376, _native_id=34896, _tstate_lock=<_thread.lock at remote 0x7faea82355d0>, _started=<Event(_cond=<Condition(_lock=<_thread.lock at remote 0x7faec0dc70f0>, acquire=<built-in method acquire of _thread.lock object at remote 0x7faec0dc70f0>, release=<built-in method release of _thread.lock object at remote 0x7faec0dc70f0>, _waiters=<collections.deque at remote 0x7faec0dcd340>) at remote 0x7faec0dc7250>, _flag=True) at remote 0x7faec0dc7fa0>, _is_stopped=False, _initialized=True, _stderr=<_io.TextIOWrapper at remote 0x7faec0ecfe10>, _invoke_excepthook=<function at remote 0x7faea81bb940>)...(truncated), tstate=0x389e880) at ./Include/internal/pycore_ceval.h:40
#52 function_code_fastcall (tstate=0x389e880, co=<optimized out>, args=<optimized out>, nargs=0x1, globals=<optimized out>) at Objects/call.c:330
#53 0x00007faec083dc70 in _PyObject_VectorcallTstate (kwnames=0x0, nargsf=<optimized out>, args=0x7faea820a7b8, callable=<function at remote 0x7faeaa8ac040>, tstate=0x389e880) at ./Include/cpython/abstract.h:118
#54 PyObject_Vectorcall (kwnames=0x0, nargsf=<optimized out>, args=0x7faea820a7b8, callable=<function at remote 0x7faeaa8ac040>) at ./Include/cpython/abstract.h:127
#55 call_function (kwnames=0x0, oparg=<optimized out>, pp_stack=<synthetic pointer>, tstate=0x389e880) at Python/ceval.c:5077
#56 _PyEval_EvalFrameDefault (tstate=<optimized out>, f=<optimized out>, throwflag=<optimized out>) at Python/ceval.c:3506
#57 0x00007faec08360ab in _PyEval_EvalFrame (throwflag=0x0, f=Frame 0x7faea820a640, for file /cvmfs/ilc.desy.de/key4hep/spackages/python/3.9.10/x86_64-centos7-gcc11.2.0-opt/7j5vqgmqodwjxxe2ssf42zxb2uqxi374/lib/python3.9/threading.py, line 973, in _bootstrap_inner (self=<Thread(_target=<function at remote 0x7faea81bb8b0>, _name='Thread-1', _args=(<PyROOTApplication(_is_ipython=False, keep_polling=True, process_root_events=<...>) at remote 0x7faec0dc7280>,), _kwargs={}, _daemonic=True, _ident=140388121413376, _native_id=34896, _tstate_lock=<_thread.lock at remote 0x7faea82355d0>, _started=<Event(_cond=<Condition(_lock=<_thread.lock at remote 0x7faec0dc70f0>, acquire=<built-in method acquire of _thread.lock object at remote 0x7faec0dc70f0>, release=<built-in method release of _thread.lock object at remote 0x7faec0dc70f0>, _waiters=<collections.deque at remote 0x7faec0dcd340>) at remote 0x7faec0dc7250>, _flag=True) at remote 0x7faec0dc7fa0>, _is_stopped=False, _initialized=True, _stderr=<_io.TextIOWrapper at remote 0x7faec0ecfe10>, _invoke_excepthook=<function at remote 0x7...(truncated), tstate=0x389e880) at ./Include/internal/pycore_ceval.h:40
#58 function_code_fastcall (tstate=0x389e880, co=<optimized out>, args=<optimized out>, nargs=0x1, globals=<optimized out>) at Objects/call.c:330
#59 0x00007faec083dc70 in _PyObject_VectorcallTstate (kwnames=0x0, nargsf=<optimized out>, args=0x7faeaa8ff378, callable=<function at remote 0x7faeaa8ac310>, tstate=0x389e880) at ./Include/cpython/abstract.h:118
#60 PyObject_Vectorcall (kwnames=0x0, nargsf=<optimized out>, args=0x7faeaa8ff378, callable=<function at remote 0x7faeaa8ac310>) at ./Include/cpython/abstract.h:127
#61 call_function (kwnames=0x0, oparg=<optimized out>, pp_stack=<synthetic pointer>, tstate=0x389e880) at Python/ceval.c:5077
#62 _PyEval_EvalFrameDefault (tstate=<optimized out>, f=<optimized out>, throwflag=<optimized out>) at Python/ceval.c:3506
#63 0x00007faec08360ab in _PyEval_EvalFrame (throwflag=0x0, f=Frame 0x7faeaa8ff200, for file /cvmfs/ilc.desy.de/key4hep/spackages/python/3.9.10/x86_64-centos7-gcc11.2.0-opt/7j5vqgmqodwjxxe2ssf42zxb2uqxi374/lib/python3.9/threading.py, line 930, in _bootstrap (self=<Thread(_target=<function at remote 0x7faea81bb8b0>, _name='Thread-1', _args=(<PyROOTApplication(_is_ipython=False, keep_polling=True, process_root_events=<...>) at remote 0x7faec0dc7280>,), _kwargs={}, _daemonic=True, _ident=140388121413376, _native_id=34896, _tstate_lock=<_thread.lock at remote 0x7faea82355d0>, _started=<Event(_cond=<Condition(_lock=<_thread.lock at remote 0x7faec0dc70f0>, acquire=<built-in method acquire of _thread.lock object at remote 0x7faec0dc70f0>, release=<built-in method release of _thread.lock object at remote 0x7faec0dc70f0>, _waiters=<collections.deque at remote 0x7faec0dcd340>) at remote 0x7faec0dc7250>, _flag=True) at remote 0x7faec0dc7fa0>, _is_stopped=False, _initialized=True, _stderr=<_io.TextIOWrapper at remote 0x7faec0ecfe10>, _invoke_excepthook=<function at remote 0x7faea81...(truncated), tstate=0x389e880) at ./Include/internal/pycore_ceval.h:40
#64 function_code_fastcall (tstate=0x389e880, co=<optimized out>, args=<optimized out>, nargs=0x1, globals=<optimized out>) at Objects/call.c:330
#65 0x00007faec088b68c in _PyObject_VectorcallTstate (kwnames=0x0, nargsf=0x1, args=0x7faea81b7e68, callable=<function at remote 0x7faeaa8ac0d0>, tstate=0x389e880) at ./Include/cpython/abstract.h:118
#66 method_vectorcall (method=<optimized out>, args=0x7faec0f28058, nargsf=<optimized out>, kwnames=0x0) at Objects/classobject.c:61
#67 0x00007faec0a12809 in t_bootstrap (boot_raw=0x7faea8235510) at ./Modules/_threadmodule.c:1040
#68 0x00007faec09b9e27 in pythread_wrapper (arg=<optimized out>) at Python/thread_pthread.h:245
#69 0x00007faec0179ea5 in start_thread () from /lib64/libpthread.so.0
#70 0x00007faebf799b0d in clone () from /lib64/libc.so.6

Thread 1 (Thread 0x7faec0f64740 (LWP 34876) "python3"):
#0  0x00007faec017dde2 in pthread_cond_timedwait

GLIBC_2.3.2 () from /lib64/libpthread.so.0
#1  0x00007faec096a8d7 in PyCOND_TIMEDWAIT (us=<optimized out>, mut=0x7faec0d7e030 <_PyRuntime+432>, cond=0x7faec0d7e000 <_PyRuntime+384>) at Python/condvar.h:73
#2  take_gil (tstate=tstate
entry=0xbea650) at Python/ceval_gil.h:247
#3  0x00007faec083bfd3 in eval_frame_handle_pending (tstate=0xbea650) at Python/ceval.c:888
#4  _PyEval_EvalFrameDefault (tstate=<optimized out>, f=<optimized out>, throwflag=<optimized out>) at Python/ceval.c:1404
#5  0x00007faec08360ab in _PyEval_EvalFrame (throwflag=0x0, f=Frame 0x7faec0dc69a0, for file /afs/desy.de/user/d/dudarboh/analysis/misc/test.py, line 9, in test_function (test=<CPyCppyy_NoneType at remote 0x7faea81d14c0>), tstate=0xbea650) at ./Include/internal/pycore_ceval.h:40
#6  function_code_fastcall (tstate=0xbea650, co=<optimized out>, args=<optimized out>, nargs=0x0, globals=<optimized out>) at Objects/call.c:330
#7  0x00007faec083c713 in _PyObject_VectorcallTstate (kwnames=0x0, nargsf=<optimized out>, args=0xca6100, callable=<function at remote 0x7faec0e64550>, tstate=0xbea650) at ./Include/cpython/abstract.h:118
#8  PyObject_Vectorcall (kwnames=0x0, nargsf=<optimized out>, args=0xca6100, callable=<function at remote 0x7faec0e64550>) at ./Include/cpython/abstract.h:127
#9  call_function (kwnames=0x0, oparg=<optimized out>, pp_stack=<synthetic pointer>, tstate=0xbea650) at Python/ceval.c:5077
#10 _PyEval_EvalFrameDefault (tstate=<optimized out>, f=<optimized out>, throwflag=<optimized out>) at Python/ceval.c:3520
#11 0x00007faec096bb0e in _PyEval_EvalFrame (throwflag=0x0, f=Frame 0xca5f90, for file /afs/desy.de/user/d/dudarboh/analysis/misc/test.py, line 12, in <module> (), tstate=0xbea650) at ./Include/internal/pycore_ceval.h:40
#12 _PyEval_EvalCode (tstate=0xbea650, _co=_co
entry=<code at remote 0x7faec0dc55b0>, globals=globals
entry={'__name__': '__main__', '__doc__': None, '__package__': None, '__loader__': <SourceFileLoader(name='__main__', path='/afs/desy.de/user/d/dudarboh/analysis/misc/test.py') at remote 0x7faec0f08c10>, '__spec__': None, '__annotations__': {}, '__builtins__': <module at remote 0x7faec0ef4860>, '__file__': '/afs/desy.de/user/d/dudarboh/analysis/misc/test.py', '__cached__': None, 'ROOT': <ROOTFacade(__name__='ROOT', __doc__=None, __package__=None, __loader__=None, __spec__=None, module=<module at remote 0x7faec0dce360>, __file__='/cvmfs/ilc.desy.de/key4hep/spackages/root/6.26.06/x86_64-centos7-gcc11.2.0-opt/dctcyvzmo7xg4dehiooyfl24oevtaids/lib/ROOT/__init__.py', gROOT=<TROOT at remote 0x7faeaa0648c0>, _cppyy_exports=['nullptr', 'bind_object', 'as_cobject', 'addressof', 'SetMemoryPolicy', 'kMemoryHeuristics', 'kMemoryStrict', 'SetOwnership'], nullptr=<nullptr_t at remote 0x7faebf1583a0>, bind_object=<built-in method bind_object of module object at remote 0x7faebf168f40>, as_cobject=<built-in method as_cobject of modu...(truncated), locals=locals
entry={'__name__': '__main__', '__doc__': None, '__package__': None, '__loader__': <SourceFileLoader(name='__main__', path='/afs/desy.de/user/d/dudarboh/analysis/misc/test.py') at remote 0x7faec0f08c10>, '__spec__': None, '__annotations__': {}, '__builtins__': <module at remote 0x7faec0ef4860>, '__file__': '/afs/desy.de/user/d/dudarboh/analysis/misc/test.py', '__cached__': None, 'ROOT': <ROOTFacade(__name__='ROOT', __doc__=None, __package__=None, __loader__=None, __spec__=None, module=<module at remote 0x7faec0dce360>, __file__='/cvmfs/ilc.desy.de/key4hep/spackages/root/6.26.06/x86_64-centos7-gcc11.2.0-opt/dctcyvzmo7xg4dehiooyfl24oevtaids/lib/ROOT/__init__.py', gROOT=<TROOT at remote 0x7faeaa0648c0>, _cppyy_exports=['nullptr', 'bind_object', 'as_cobject', 'addressof', 'SetMemoryPolicy', 'kMemoryHeuristics', 'kMemoryStrict', 'SetOwnership'], nullptr=<nullptr_t at remote 0x7faebf1583a0>, bind_object=<built-in method bind_object of module object at remote 0x7faebf168f40>, as_cobject=<built-in method as_cobject of modu...(truncated), args=args
entry=0x0, argcount=argcount
entry=0x0, kwnames=0x0, kwargs=0x0, kwcount=0x0, kwstep=0x2, defs=0x0, defcount=0x0, kwdefs=0x0, closure=0x0, name=0x0, qualname=0x0) at Python/ceval.c:4329
#13 0x00007faec096be4e in _PyEval_EvalCodeWithName (_co=_co
entry=<code at remote 0x7faec0dc55b0>, globals=globals
entry={'__name__': '__main__', '__doc__': None, '__package__': None, '__loader__': <SourceFileLoader(name='__main__', path='/afs/desy.de/user/d/dudarboh/analysis/misc/test.py') at remote 0x7faec0f08c10>, '__spec__': None, '__annotations__': {}, '__builtins__': <module at remote 0x7faec0ef4860>, '__file__': '/afs/desy.de/user/d/dudarboh/analysis/misc/test.py', '__cached__': None, 'ROOT': <ROOTFacade(__name__='ROOT', __doc__=None, __package__=None, __loader__=None, __spec__=None, module=<module at remote 0x7faec0dce360>, __file__='/cvmfs/ilc.desy.de/key4hep/spackages/root/6.26.06/x86_64-centos7-gcc11.2.0-opt/dctcyvzmo7xg4dehiooyfl24oevtaids/lib/ROOT/__init__.py', gROOT=<TROOT at remote 0x7faeaa0648c0>, _cppyy_exports=['nullptr', 'bind_object', 'as_cobject', 'addressof', 'SetMemoryPolicy', 'kMemoryHeuristics', 'kMemoryStrict', 'SetOwnership'], nullptr=<nullptr_t at remote 0x7faebf1583a0>, bind_object=<built-in method bind_object of module object at remote 0x7faebf168f40>, as_cobject=<built-in method as_cobject of modu...(truncated), locals=locals
entry={'__name__': '__main__', '__doc__': None, '__package__': None, '__loader__': <SourceFileLoader(name='__main__', path='/afs/desy.de/user/d/dudarboh/analysis/misc/test.py') at remote 0x7faec0f08c10>, '__spec__': None, '__annotations__': {}, '__builtins__': <module at remote 0x7faec0ef4860>, '__file__': '/afs/desy.de/user/d/dudarboh/analysis/misc/test.py', '__cached__': None, 'ROOT': <ROOTFacade(__name__='ROOT', __doc__=None, __package__=None, __loader__=None, __spec__=None, module=<module at remote 0x7faec0dce360>, __file__='/cvmfs/ilc.desy.de/key4hep/spackages/root/6.26.06/x86_64-centos7-gcc11.2.0-opt/dctcyvzmo7xg4dehiooyfl24oevtaids/lib/ROOT/__init__.py', gROOT=<TROOT at remote 0x7faeaa0648c0>, _cppyy_exports=['nullptr', 'bind_object', 'as_cobject', 'addressof', 'SetMemoryPolicy', 'kMemoryHeuristics', 'kMemoryStrict', 'SetOwnership'], nullptr=<nullptr_t at remote 0x7faebf1583a0>, bind_object=<built-in method bind_object of module object at remote 0x7faebf168f40>, as_cobject=<built-in method as_cobject of modu...(truncated), args=args
entry=0x0, argcount=argcount
entry=0x0, kwnames=kwnames
entry=0x0, kwargs=0x0, kwcount=0x0, kwstep=0x2, defs=0x0, defcount=0x0, kwdefs=0x0, closure=0x0, name=0x0, qualname=0x0) at Python/ceval.c:4361
#14 0x00007faec096be9b in PyEval_EvalCodeEx (_co=_co
entry=<code at remote 0x7faec0dc55b0>, globals=globals
entry={'__name__': '__main__', '__doc__': None, '__package__': None, '__loader__': <SourceFileLoader(name='__main__', path='/afs/desy.de/user/d/dudarboh/analysis/misc/test.py') at remote 0x7faec0f08c10>, '__spec__': None, '__annotations__': {}, '__builtins__': <module at remote 0x7faec0ef4860>, '__file__': '/afs/desy.de/user/d/dudarboh/analysis/misc/test.py', '__cached__': None, 'ROOT': <ROOTFacade(__name__='ROOT', __doc__=None, __package__=None, __loader__=None, __spec__=None, module=<module at remote 0x7faec0dce360>, __file__='/cvmfs/ilc.desy.de/key4hep/spackages/root/6.26.06/x86_64-centos7-gcc11.2.0-opt/dctcyvzmo7xg4dehiooyfl24oevtaids/lib/ROOT/__init__.py', gROOT=<TROOT at remote 0x7faeaa0648c0>, _cppyy_exports=['nullptr', 'bind_object', 'as_cobject', 'addressof', 'SetMemoryPolicy', 'kMemoryHeuristics', 'kMemoryStrict', 'SetOwnership'], nullptr=<nullptr_t at remote 0x7faebf1583a0>, bind_object=<built-in method bind_object of module object at remote 0x7faebf168f40>, as_cobject=<built-in method as_cobject of modu...(truncated), locals=locals
entry={'__name__': '__main__', '__doc__': None, '__package__': None, '__loader__': <SourceFileLoader(name='__main__', path='/afs/desy.de/user/d/dudarboh/analysis/misc/test.py') at remote 0x7faec0f08c10>, '__spec__': None, '__annotations__': {}, '__builtins__': <module at remote 0x7faec0ef4860>, '__file__': '/afs/desy.de/user/d/dudarboh/analysis/misc/test.py', '__cached__': None, 'ROOT': <ROOTFacade(__name__='ROOT', __doc__=None, __package__=None, __loader__=None, __spec__=None, module=<module at remote 0x7faec0dce360>, __file__='/cvmfs/ilc.desy.de/key4hep/spackages/root/6.26.06/x86_64-centos7-gcc11.2.0-opt/dctcyvzmo7xg4dehiooyfl24oevtaids/lib/ROOT/__init__.py', gROOT=<TROOT at remote 0x7faeaa0648c0>, _cppyy_exports=['nullptr', 'bind_object', 'as_cobject', 'addressof', 'SetMemoryPolicy', 'kMemoryHeuristics', 'kMemoryStrict', 'SetOwnership'], nullptr=<nullptr_t at remote 0x7faebf1583a0>, bind_object=<built-in method bind_object of module object at remote 0x7faebf168f40>, as_cobject=<built-in method as_cobject of modu...(truncated), args=args
entry=0x0, argcount=argcount
entry=0x0, kws=kws
entry=0x0, kwcount=0x0, defs=0x0, defcount=0x0, kwdefs=0x0, closure=0x0) at Python/ceval.c:4377
#15 0x00007faec096becb in PyEval_EvalCode (co=co
entry=<code at remote 0x7faec0dc55b0>, globals=globals
entry={'__name__': '__main__', '__doc__': None, '__package__': None, '__loader__': <SourceFileLoader(name='__main__', path='/afs/desy.de/user/d/dudarboh/analysis/misc/test.py') at remote 0x7faec0f08c10>, '__spec__': None, '__annotations__': {}, '__builtins__': <module at remote 0x7faec0ef4860>, '__file__': '/afs/desy.de/user/d/dudarboh/analysis/misc/test.py', '__cached__': None, 'ROOT': <ROOTFacade(__name__='ROOT', __doc__=None, __package__=None, __loader__=None, __spec__=None, module=<module at remote 0x7faec0dce360>, __file__='/cvmfs/ilc.desy.de/key4hep/spackages/root/6.26.06/x86_64-centos7-gcc11.2.0-opt/dctcyvzmo7xg4dehiooyfl24oevtaids/lib/ROOT/__init__.py', gROOT=<TROOT at remote 0x7faeaa0648c0>, _cppyy_exports=['nullptr', 'bind_object', 'as_cobject', 'addressof', 'SetMemoryPolicy', 'kMemoryHeuristics', 'kMemoryStrict', 'SetOwnership'], nullptr=<nullptr_t at remote 0x7faebf1583a0>, bind_object=<built-in method bind_object of module object at remote 0x7faebf168f40>, as_cobject=<built-in method as_cobject of modu...(truncated), locals=locals
entry={'__name__': '__main__', '__doc__': None, '__package__': None, '__loader__': <SourceFileLoader(name='__main__', path='/afs/desy.de/user/d/dudarboh/analysis/misc/test.py') at remote 0x7faec0f08c10>, '__spec__': None, '__annotations__': {}, '__builtins__': <module at remote 0x7faec0ef4860>, '__file__': '/afs/desy.de/user/d/dudarboh/analysis/misc/test.py', '__cached__': None, 'ROOT': <ROOTFacade(__name__='ROOT', __doc__=None, __package__=None, __loader__=None, __spec__=None, module=<module at remote 0x7faec0dce360>, __file__='/cvmfs/ilc.desy.de/key4hep/spackages/root/6.26.06/x86_64-centos7-gcc11.2.0-opt/dctcyvzmo7xg4dehiooyfl24oevtaids/lib/ROOT/__init__.py', gROOT=<TROOT at remote 0x7faeaa0648c0>, _cppyy_exports=['nullptr', 'bind_object', 'as_cobject', 'addressof', 'SetMemoryPolicy', 'kMemoryHeuristics', 'kMemoryStrict', 'SetOwnership'], nullptr=<nullptr_t at remote 0x7faebf1583a0>, bind_object=<built-in method bind_object of module object at remote 0x7faebf168f40>, as_cobject=<built-in method as_cobject of modu...(truncated)) at Python/ceval.c:828
#16 0x00007faec09abfce in run_eval_code_obj (locals={'__name__': '__main__', '__doc__': None, '__package__': None, '__loader__': <SourceFileLoader(name='__main__', path='/afs/desy.de/user/d/dudarboh/analysis/misc/test.py') at remote 0x7faec0f08c10>, '__spec__': None, '__annotations__': {}, '__builtins__': <module at remote 0x7faec0ef4860>, '__file__': '/afs/desy.de/user/d/dudarboh/analysis/misc/test.py', '__cached__': None, 'ROOT': <ROOTFacade(__name__='ROOT', __doc__=None, __package__=None, __loader__=None, __spec__=None, module=<module at remote 0x7faec0dce360>, __file__='/cvmfs/ilc.desy.de/key4hep/spackages/root/6.26.06/x86_64-centos7-gcc11.2.0-opt/dctcyvzmo7xg4dehiooyfl24oevtaids/lib/ROOT/__init__.py', gROOT=<TROOT at remote 0x7faeaa0648c0>, _cppyy_exports=['nullptr', 'bind_object', 'as_cobject', 'addressof', 'SetMemoryPolicy', 'kMemoryHeuristics', 'kMemoryStrict', 'SetOwnership'], nullptr=<nullptr_t at remote 0x7faebf1583a0>, bind_object=<built-in method bind_object of module object at remote 0x7faebf168f40>, as_cobject=<built-in method as_cobject of modu...(truncated), globals={'__name__': '__main__', '__doc__': None, '__package__': None, '__loader__': <SourceFileLoader(name='__main__', path='/afs/desy.de/user/d/dudarboh/analysis/misc/test.py') at remote 0x7faec0f08c10>, '__spec__': None, '__annotations__': {}, '__builtins__': <module at remote 0x7faec0ef4860>, '__file__': '/afs/desy.de/user/d/dudarboh/analysis/misc/test.py', '__cached__': None, 'ROOT': <ROOTFacade(__name__='ROOT', __doc__=None, __package__=None, __loader__=None, __spec__=None, module=<module at remote 0x7faec0dce360>, __file__='/cvmfs/ilc.desy.de/key4hep/spackages/root/6.26.06/x86_64-centos7-gcc11.2.0-opt/dctcyvzmo7xg4dehiooyfl24oevtaids/lib/ROOT/__init__.py', gROOT=<TROOT at remote 0x7faeaa0648c0>, _cppyy_exports=['nullptr', 'bind_object', 'as_cobject', 'addressof', 'SetMemoryPolicy', 'kMemoryHeuristics', 'kMemoryStrict', 'SetOwnership'], nullptr=<nullptr_t at remote 0x7faebf1583a0>, bind_object=<built-in method bind_object of module object at remote 0x7faebf168f40>, as_cobject=<built-in method as_cobject of modu...(truncated), co=0x7faec0dc55b0, tstate=0xbea650) at Python/pythonrun.c:1221
#17 run_mod (mod=<optimized out>, filename=filename
entry='/afs/desy.de/user/d/dudarboh/analysis/misc/test.py', globals=globals
entry={'__name__': '__main__', '__doc__': None, '__package__': None, '__loader__': <SourceFileLoader(name='__main__', path='/afs/desy.de/user/d/dudarboh/analysis/misc/test.py') at remote 0x7faec0f08c10>, '__spec__': None, '__annotations__': {}, '__builtins__': <module at remote 0x7faec0ef4860>, '__file__': '/afs/desy.de/user/d/dudarboh/analysis/misc/test.py', '__cached__': None, 'ROOT': <ROOTFacade(__name__='ROOT', __doc__=None, __package__=None, __loader__=None, __spec__=None, module=<module at remote 0x7faec0dce360>, __file__='/cvmfs/ilc.desy.de/key4hep/spackages/root/6.26.06/x86_64-centos7-gcc11.2.0-opt/dctcyvzmo7xg4dehiooyfl24oevtaids/lib/ROOT/__init__.py', gROOT=<TROOT at remote 0x7faeaa0648c0>, _cppyy_exports=['nullptr', 'bind_object', 'as_cobject', 'addressof', 'SetMemoryPolicy', 'kMemoryHeuristics', 'kMemoryStrict', 'SetOwnership'], nullptr=<nullptr_t at remote 0x7faebf1583a0>, bind_object=<built-in method bind_object of module object at remote 0x7faebf168f40>, as_cobject=<built-in method as_cobject of modu...(truncated), locals=locals
entry={'__name__': '__main__', '__doc__': None, '__package__': None, '__loader__': <SourceFileLoader(name='__main__', path='/afs/desy.de/user/d/dudarboh/analysis/misc/test.py') at remote 0x7faec0f08c10>, '__spec__': None, '__annotations__': {}, '__builtins__': <module at remote 0x7faec0ef4860>, '__file__': '/afs/desy.de/user/d/dudarboh/analysis/misc/test.py', '__cached__': None, 'ROOT': <ROOTFacade(__name__='ROOT', __doc__=None, __package__=None, __loader__=None, __spec__=None, module=<module at remote 0x7faec0dce360>, __file__='/cvmfs/ilc.desy.de/key4hep/spackages/root/6.26.06/x86_64-centos7-gcc11.2.0-opt/dctcyvzmo7xg4dehiooyfl24oevtaids/lib/ROOT/__init__.py', gROOT=<TROOT at remote 0x7faeaa0648c0>, _cppyy_exports=['nullptr', 'bind_object', 'as_cobject', 'addressof', 'SetMemoryPolicy', 'kMemoryHeuristics', 'kMemoryStrict', 'SetOwnership'], nullptr=<nullptr_t at remote 0x7faebf1583a0>, bind_object=<built-in method bind_object of module object at remote 0x7faebf168f40>, as_cobject=<built-in method as_cobject of modu...(truncated), flags=flags
entry=0x7ffc080e6778, arena=arena
entry=0x7faec0ee5910) at Python/pythonrun.c:1242
#18 0x00007faec09ad9e3 in pyrun_file (flags=0x7ffc080e6778, closeit=<optimized out>, locals={'__name__': '__main__', '__doc__': None, '__package__': None, '__loader__': <SourceFileLoader(name='__main__', path='/afs/desy.de/user/d/dudarboh/analysis/misc/test.py') at remote 0x7faec0f08c10>, '__spec__': None, '__annotations__': {}, '__builtins__': <module at remote 0x7faec0ef4860>, '__file__': '/afs/desy.de/user/d/dudarboh/analysis/misc/test.py', '__cached__': None, 'ROOT': <ROOTFacade(__name__='ROOT', __doc__=None, __package__=None, __loader__=None, __spec__=None, module=<module at remote 0x7faec0dce360>, __file__='/cvmfs/ilc.desy.de/key4hep/spackages/root/6.26.06/x86_64-centos7-gcc11.2.0-opt/dctcyvzmo7xg4dehiooyfl24oevtaids/lib/ROOT/__init__.py', gROOT=<TROOT at remote 0x7faeaa0648c0>, _cppyy_exports=['nullptr', 'bind_object', 'as_cobject', 'addressof', 'SetMemoryPolicy', 'kMemoryHeuristics', 'kMemoryStrict', 'SetOwnership'], nullptr=<nullptr_t at remote 0x7faebf1583a0>, bind_object=<built-in method bind_object of module object at remote 0x7faebf168f40>, as_cobject=<built-in method as_cobject of modu...(truncated), globals={'__name__': '__main__', '__doc__': None, '__package__': None, '__loader__': <SourceFileLoader(name='__main__', path='/afs/desy.de/user/d/dudarboh/analysis/misc/test.py') at remote 0x7faec0f08c10>, '__spec__': None, '__annotations__': {}, '__builtins__': <module at remote 0x7faec0ef4860>, '__file__': '/afs/desy.de/user/d/dudarboh/analysis/misc/test.py', '__cached__': None, 'ROOT': <ROOTFacade(__name__='ROOT', __doc__=None, __package__=None, __loader__=None, __spec__=None, module=<module at remote 0x7faec0dce360>, __file__='/cvmfs/ilc.desy.de/key4hep/spackages/root/6.26.06/x86_64-centos7-gcc11.2.0-opt/dctcyvzmo7xg4dehiooyfl24oevtaids/lib/ROOT/__init__.py', gROOT=<TROOT at remote 0x7faeaa0648c0>, _cppyy_exports=['nullptr', 'bind_object', 'as_cobject', 'addressof', 'SetMemoryPolicy', 'kMemoryHeuristics', 'kMemoryStrict', 'SetOwnership'], nullptr=<nullptr_t at remote 0x7faebf1583a0>, bind_object=<built-in method bind_object of module object at remote 0x7faebf168f40>, as_cobject=<built-in method as_cobject of modu...(truncated), start=0x101, filename='/afs/desy.de/user/d/dudarboh/analysis/misc/test.py', fp=0xc827e0) at Python/pythonrun.c:1140
#19 pyrun_simple_file (flags=0x7ffc080e6778, closeit=<optimized out>, filename='/afs/desy.de/user/d/dudarboh/analysis/misc/test.py', fp=0xc827e0) at Python/pythonrun.c:450
#20 PyRun_SimpleFileExFlags (fp=fp
entry=0xc827e0, filename=<optimized out>, closeit=closeit
entry=0x1, flags=flags
entry=0x7ffc080e6778) at Python/pythonrun.c:483
#21 0x00007faec09ae01c in PyRun_AnyFileExFlags (fp=fp
entry=0xc827e0, filename=<optimized out>, closeit=closeit
entry=0x1, flags=flags
entry=0x7ffc080e6778) at Python/pythonrun.c:92
#22 0x00007faec09cad68 in pymain_run_file (cf=0x7ffc080e6778, config=0xbfdd70) at Modules/main.c:373
#23 pymain_run_python (exitcode=0x7ffc080e6770) at Modules/main.c:598
#24 Py_RunMain () at Modules/main.c:677
#25 0x00007faec09cb227 in pymain_main (args=0x7ffc080e6860) at Modules/main.c:707
#26 Py_BytesMain (argc=<optimized out>, argv=<optimized out>) at Modules/main.c:731
#27 0x00007faebf6bd555 in __libc_start_main () from /lib64/libc.so.6
#28 0x000000000040100e in _start ()
===========================================================


The lines below might hint at the cause of the crash.
You may get help by asking at the ROOT forum https://root.cern/forum
Only if you are really convinced it is a bug in ROOT then please submit a
report at https://root.cern/bugs Please post the ENTIRE stack trace
from above as an attachment in addition to anything else
that might help us fixing this issue.
===========================================================
#9  0x00007faebe93656a in TNamed::Streamer (this=0x4991600, R__b=...) at /tmp/madlener/spack-stage/spack-stage-root-6.26.06-dctcyvzmo7xg4dehiooyfl24oevtaids/spack-build-dctcyvz/core/G__Core.cxx:21041
#10 0x00007faea6e9c223 in TCanvas::Resize (this=0x4cf5a50) at /tmp/madlener/spack-stage/spack-stage-root-6.26.06-dctcyvzmo7xg4dehiooyfl24oevtaids/spack-src/graf2d/gpad/src/TCanvas.cxx:1740
#11 0x00007fae9fca7ae8 in TRootCanvas::HandleContainerConfigure (this=0x4c0a660) at /tmp/madlener/spack-stage/spack-stage-root-6.26.06-dctcyvzmo7xg4dehiooyfl24oevtaids/spack-src/gui/gui/src/TRootCanvas.cxx:1789
#12 0x00007fae9fbe4a3d in TGFrame::HandleEvent (this=0x4c5e710, event=0x7faea81b7150) at /tmp/madlener/spack-stage/spack-stage-root-6.26.06-dctcyvzmo7xg4dehiooyfl24oevtaids/spack-src/gui/gui/src/TGFrame.cxx:476
#13 0x00007fae9fb946ba in TGClient::HandleEvent (this=0x406c600, event=0x7faea81b7150) at /tmp/madlener/spack-stage/spack-stage-root-6.26.06-dctcyvzmo7xg4dehiooyfl24oevtaids/spack-src/gui/gui/src/TGClient.cxx:844
#14 0x00007fae9fb949ed in TGClient::ProcessOneEvent (this=0x406c600) at /tmp/madlener/spack-stage/spack-stage-root-6.26.06-dctcyvzmo7xg4dehiooyfl24oevtaids/spack-src/gui/gui/src/TGClient.cxx:654
#15 TGClient::ProcessOneEvent (this=0x406c600) at /tmp/madlener/spack-stage/spack-stage-root-6.26.06-dctcyvzmo7xg4dehiooyfl24oevtaids/spack-src/gui/gui/src/TGClient.cxx:646
#16 0x00007fae9fb94a2b in TGClient::HandleInput (this=0x406c600) at /tmp/madlener/spack-stage/spack-stage-root-6.26.06-dctcyvzmo7xg4dehiooyfl24oevtaids/spack-src/gui/gui/src/TGClient.cxx:701
#17 0x00007faebe8e49b0 in TUnixSystem::DispatchOneEvent (this=0xccec00, pendingOnly=<optimized out>) at /tmp/madlener/spack-stage/spack-stage-root-6.26.06-dctcyvzmo7xg4dehiooyfl24oevtaids/spack-src/core/unix/src/TUnixSystem.cxx:1055
#18 0x00007faebe80ca1a in TSystem::ProcessEvents (this=0xccec00) at /tmp/madlener/spack-stage/spack-stage-root-6.26.06-dctcyvzmo7xg4dehiooyfl24oevtaids/spack-src/core/base/src/TSystem.cxx:424
#19 0x00007faec0f7c012 in ?? ()
#20 0x00007faeaa8aa990 in ?? ()
#21 0x00007faec0d8fdee in _dl_fixup () from /lib64/ld-linux-x86-64.so.2
#22 0x00007faea8293848 in ?? ()
#23 0x000000000389e880 in ?? ()
#24 0x00007faec0d8fdee in _dl_fixup () from /lib64/ld-linux-x86-64.so.2
#25 0x00007faea81b7600 in ?? ()
#26 0x00007faebf15a400 in CPyCppyy::op_str_internal(_object*, _object*, bool)::sOStringStreamID () from /cvmfs/ilc.desy.de/key4hep/spackages/root/6.26.06/x86_64-centos7-gcc11.2.0-opt/dctcyvzmo7xg4dehiooyfl24oevtaids/lib/libcppyy3_9.so
#27 0x00007faec0f28040 in ?? ()
#28 0x00007faea81b7600 in ?? ()
#29 0x0000000000000003 in ?? ()
#30 0x0000000000ccec00 in ?? ()
#31 0x00007faebec9209f in CallT<unsigned char> (args=<optimized out>, nargs=<optimized out>, self=<optimized out>, method=<optimized out>) at /tmp/madlener/spack-stage/spack-stage-root-6.26.06-dctcyvzmo7xg4dehiooyfl24oevtaids/spack-src/bindings/pyroot/cppyy/cppyy-backend/clingwrapper/src/clingwrapper.cxx:816
#32 Cppyy::CallB (method=<optimized out>, self=<optimized out>, nargs=<optimized out>, args=<optimized out>) at /tmp/madlener/spack-stage/spack-stage-root-6.26.06-dctcyvzmo7xg4dehiooyfl24oevtaids/spack-src/bindings/pyroot/cppyy/cppyy-backend/clingwrapper/src/clingwrapper.cxx:833
#33 0x00007faebef0bd7f in GILCallB (ctxt=0x7faea81b7720, self=<optimized out>, method=<optimized out>) at /tmp/madlener/spack-stage/spack-stage-root-6.26.06-dctcyvzmo7xg4dehiooyfl24oevtaids/spack-src/bindings/pyroot/cppyy/CPyCppyy/src/Executors.cxx:69
#34 CPyCppyy::(anonymous namespace)::BoolExecutor::Execute (this=<optimized out>, method=<optimized out>, self=<optimized out>, ctxt=0x7faea81b7720) at /tmp/madlener/spack-stage/spack-stage-root-6.26.06-dctcyvzmo7xg4dehiooyfl24oevtaids/spack-src/bindings/pyroot/cppyy/CPyCppyy/src/Executors.cxx:148
#35 0x00007faebeef8e16 in CPyCppyy::CPPMethod::ExecuteFast (self=<optimized out>, offset=<optimized out>, ctxt=<optimized out>, this=<optimized out>, this=<optimized out>) at /tmp/madlener/spack-stage/spack-stage-root-6.26.06-dctcyvzmo7xg4dehiooyfl24oevtaids/spack-src/bindings/pyroot/cppyy/CPyCppyy/src/CPPMethod.cxx:74
#36 0x00007faebeefbaf8 in CPyCppyy::CPPMethod::ExecuteProtected (this=this
entry=0xe0ba40, self=0xccec00, offset=0x0, ctxt=0x7faea81b7600) at /tmp/madlener/spack-stage/spack-stage-root-6.26.06-dctcyvzmo7xg4dehiooyfl24oevtaids/spack-src/bindings/pyroot/cppyy/CPyCppyy/src/CPPMethod.cxx:149
#37 0x00007faebeef9f5a in CPyCppyy::CPPMethod::Execute (this=this
entry=0xe0ba40, self=self
entry=0xccec00, offset=<optimized out>, ctxt=ctxt
entry=0x7faea81b7600) at /tmp/madlener/spack-stage/spack-stage-root-6.26.06-dctcyvzmo7xg4dehiooyfl24oevtaids/spack-src/bindings/pyroot/cppyy/CPyCppyy/src/CPPMethod.cxx:728
#38 0x00007faebeefac0c in CPyCppyy::CPPMethod::Call (this=0xe0ba40, self=
0x7faea81be7d0: 0x7faea8234280, args=(), kwds=<optimized out>, ctxt=0x7faea81b7600) at /tmp/madlener/spack-stage/spack-stage-root-6.26.06-dctcyvzmo7xg4dehiooyfl24oevtaids/spack-src/bindings/pyroot/cppyy/CPyCppyy/src/CPPMethod.cxx:783
#39 0x00007faebeeff07e in CPyCppyy::(anonymous namespace)::mp_call (pymeth=0x7faea81be7c0, args=(), kwds=0x0) at /tmp/madlener/spack-stage/spack-stage-root-6.26.06-dctcyvzmo7xg4dehiooyfl24oevtaids/spack-src/bindings/pyroot/cppyy/CPyCppyy/src/CPPOverload.cxx:566
#40 0x00007faec0888a78 in _PyObject_MakeTpCall (tstate=0x389e880, callable=<cppyy.CPPOverload at remote 0x7faea81be7c0>, args=<optimized out>, nargs=0x0, keywords=0x0) at Objects/call.c:191
#41 0x00007faec083e709 in _PyObject_VectorcallTstate (kwnames=0x0, nargsf=0x8000000000000000, args=0x7faea8293840, callable=<cppyy.CPPOverload at remote 0x7faea81be7c0>, tstate=<optimized out>) at ./Include/cpython/abstract.h:116
#42 _PyObject_VectorcallTstate (kwnames=0x0, nargsf=0x8000000000000000, args=0x7faea8293840, callable=<cppyy.CPPOverload at remote 0x7faea81be7c0>, tstate=<optimized out>) at ./Include/cpython/abstract.h:103
#43 PyObject_Vectorcall (kwnames=0x0, nargsf=0x8000000000000000, args=0x7faea8293840, callable=<cppyy.CPPOverload at remote 0x7faea81be7c0>) at ./Include/cpython/abstract.h:127
#44 call_function (kwnames=0x0, oparg=<optimized out>, pp_stack=<synthetic pointer>, tstate=0x389e880) at Python/ceval.c:5077
#45 _PyEval_EvalFrameDefault (tstate=<optimized out>, f=<optimized out>, throwflag=<optimized out>) at Python/ceval.c:3489
#46 0x00007faec096bb0e in _PyEval_EvalFrame (throwflag=0x0, f=Frame 0x7faea82936c0, for file /cvmfs/ilc.desy.de/key4hep/spackages/root/6.26.06/x86_64-centos7-gcc11.2.0-opt/dctcyvzmo7xg4dehiooyfl24oevtaids/lib/ROOT/_application.py, line 91, in _process_root_events (self=<PyROOTApplication(_is_ipython=False, keep_polling=True, process_root_events=<Thread(_target=<function at remote 0x7faea81bb8b0>, _name='Thread-1', _args=(<...>,), _kwargs={}, _daemonic=True, _ident=140388121413376, _native_id=34896, _tstate_lock=<_thread.lock at remote 0x7faea82355d0>, _started=<Event(_cond=<Condition(_lock=<_thread.lock at remote 0x7faec0dc70f0>, acquire=<built-in method acquire of _thread.lock object at remote 0x7faec0dc70f0>, release=<built-in method release of _thread.lock object at remote 0x7faec0dc70f0>, _waiters=<collections.deque at remote 0x7faec0dcd340>) at remote 0x7faec0dc7250>, _flag=True) at remote 0x7faec0dc7fa0>, _is_stopped=False, _initialized=True, _stderr=<_io.TextIOWrapper at remote 0x7faec0ecfe10>, _invoke_excepthook=<function at remote 0x7faea81bb940>) at remote 0x7...(truncated), tstate=0x389e880) at ./Include/internal/pycore_ceval.h:40
#47 _PyEval_EvalCode (tstate=tstate
entry=0x389e880, _co=_co
entry=<code at remote 0x7faea8233240>, globals=<optimized out>, locals=locals
entry=0x0, args=<optimized out>, argcount=0x1, kwnames=0x0, kwargs=0x7faec0df73c0, kwcount=0x0, kwstep=0x1, defs=0x0, defcount=0x0, kwdefs=0x0, closure=0x0, name='_process_root_events', qualname='PyROOTApplication.init_graphics.<locals>._process_root_events') at Python/ceval.c:4329
#48 0x00007faec0888801 in _PyFunction_Vectorcall (func=<optimized out>, stack=<optimized out>, nargsf=<optimized out>, kwnames=<optimized out>) at Objects/call.c:396
#49 0x00007faec083b714 in do_call_core (kwdict={}, callargs=(<PyROOTApplication(_is_ipython=False, keep_polling=True, process_root_events=<Thread(_target=<function at remote 0x7faea81bb8b0>, _name='Thread-1', _args=(...), _kwargs={}, _daemonic=True, _ident=140388121413376, _native_id=34896, _tstate_lock=<_thread.lock at remote 0x7faea82355d0>, _started=<Event(_cond=<Condition(_lock=<_thread.lock at remote 0x7faec0dc70f0>, acquire=<built-in method acquire of _thread.lock object at remote 0x7faec0dc70f0>, release=<built-in method release of _thread.lock object at remote 0x7faec0dc70f0>, _waiters=<collections.deque at remote 0x7faec0dcd340>) at remote 0x7faec0dc7250>, _flag=True) at remote 0x7faec0dc7fa0>, _is_stopped=False, _initialized=True, _stderr=<_io.TextIOWrapper at remote 0x7faec0ecfe10>, _invoke_excepthook=<function at remote 0x7faea81bb940>) at remote 0x7faec0dc7fd0>) at remote 0x7faec0dc7280>,), func=<function at remote 0x7faea81bb8b0>, tstate=0x389e880) at Python/ceval.c:5125
#50 _PyEval_EvalFrameDefault (tstate=<optimized out>, f=<optimized out>, throwflag=<optimized out>) at Python/ceval.c:3582
#51 0x00007faec08360ab in _PyEval_EvalFrame (throwflag=0x0, f=Frame 0x7faeaa8ff900, for file /cvmfs/ilc.desy.de/key4hep/spackages/python/3.9.10/x86_64-centos7-gcc11.2.0-opt/7j5vqgmqodwjxxe2ssf42zxb2uqxi374/lib/python3.9/threading.py, line 910, in run (self=<Thread(_target=<function at remote 0x7faea81bb8b0>, _name='Thread-1', _args=(<PyROOTApplication(_is_ipython=False, keep_polling=True, process_root_events=<...>) at remote 0x7faec0dc7280>,), _kwargs={}, _daemonic=True, _ident=140388121413376, _native_id=34896, _tstate_lock=<_thread.lock at remote 0x7faea82355d0>, _started=<Event(_cond=<Condition(_lock=<_thread.lock at remote 0x7faec0dc70f0>, acquire=<built-in method acquire of _thread.lock object at remote 0x7faec0dc70f0>, release=<built-in method release of _thread.lock object at remote 0x7faec0dc70f0>, _waiters=<collections.deque at remote 0x7faec0dcd340>) at remote 0x7faec0dc7250>, _flag=True) at remote 0x7faec0dc7fa0>, _is_stopped=False, _initialized=True, _stderr=<_io.TextIOWrapper at remote 0x7faec0ecfe10>, _invoke_excepthook=<function at remote 0x7faea81bb940>)...(truncated), tstate=0x389e880) at ./Include/internal/pycore_ceval.h:40
#52 function_code_fastcall (tstate=0x389e880, co=<optimized out>, args=<optimized out>, nargs=0x1, globals=<optimized out>) at Objects/call.c:330
#53 0x00007faec083dc70 in _PyObject_VectorcallTstate (kwnames=0x0, nargsf=<optimized out>, args=0x7faea820a7b8, callable=<function at remote 0x7faeaa8ac040>, tstate=0x389e880) at ./Include/cpython/abstract.h:118
#54 PyObject_Vectorcall (kwnames=0x0, nargsf=<optimized out>, args=0x7faea820a7b8, callable=<function at remote 0x7faeaa8ac040>) at ./Include/cpython/abstract.h:127
#55 call_function (kwnames=0x0, oparg=<optimized out>, pp_stack=<synthetic pointer>, tstate=0x389e880) at Python/ceval.c:5077
#56 _PyEval_EvalFrameDefault (tstate=<optimized out>, f=<optimized out>, throwflag=<optimized out>) at Python/ceval.c:3506
#57 0x00007faec08360ab in _PyEval_EvalFrame (throwflag=0x0, f=Frame 0x7faea820a640, for file /cvmfs/ilc.desy.de/key4hep/spackages/python/3.9.10/x86_64-centos7-gcc11.2.0-opt/7j5vqgmqodwjxxe2ssf42zxb2uqxi374/lib/python3.9/threading.py, line 973, in _bootstrap_inner (self=<Thread(_target=<function at remote 0x7faea81bb8b0>, _name='Thread-1', _args=(<PyROOTApplication(_is_ipython=False, keep_polling=True, process_root_events=<...>) at remote 0x7faec0dc7280>,), _kwargs={}, _daemonic=True, _ident=140388121413376, _native_id=34896, _tstate_lock=<_thread.lock at remote 0x7faea82355d0>, _started=<Event(_cond=<Condition(_lock=<_thread.lock at remote 0x7faec0dc70f0>, acquire=<built-in method acquire of _thread.lock object at remote 0x7faec0dc70f0>, release=<built-in method release of _thread.lock object at remote 0x7faec0dc70f0>, _waiters=<collections.deque at remote 0x7faec0dcd340>) at remote 0x7faec0dc7250>, _flag=True) at remote 0x7faec0dc7fa0>, _is_stopped=False, _initialized=True, _stderr=<_io.TextIOWrapper at remote 0x7faec0ecfe10>, _invoke_excepthook=<function at remote 0x7...(truncated), tstate=0x389e880) at ./Include/internal/pycore_ceval.h:40
#58 function_code_fastcall (tstate=0x389e880, co=<optimized out>, args=<optimized out>, nargs=0x1, globals=<optimized out>) at Objects/call.c:330
#59 0x00007faec083dc70 in _PyObject_VectorcallTstate (kwnames=0x0, nargsf=<optimized out>, args=0x7faeaa8ff378, callable=<function at remote 0x7faeaa8ac310>, tstate=0x389e880) at ./Include/cpython/abstract.h:118
#60 PyObject_Vectorcall (kwnames=0x0, nargsf=<optimized out>, args=0x7faeaa8ff378, callable=<function at remote 0x7faeaa8ac310>) at ./Include/cpython/abstract.h:127
#61 call_function (kwnames=0x0, oparg=<optimized out>, pp_stack=<synthetic pointer>, tstate=0x389e880) at Python/ceval.c:5077
#62 _PyEval_EvalFrameDefault (tstate=<optimized out>, f=<optimized out>, throwflag=<optimized out>) at Python/ceval.c:3506
#63 0x00007faec08360ab in _PyEval_EvalFrame (throwflag=0x0, f=Frame 0x7faeaa8ff200, for file /cvmfs/ilc.desy.de/key4hep/spackages/python/3.9.10/x86_64-centos7-gcc11.2.0-opt/7j5vqgmqodwjxxe2ssf42zxb2uqxi374/lib/python3.9/threading.py, line 930, in _bootstrap (self=<Thread(_target=<function at remote 0x7faea81bb8b0>, _name='Thread-1', _args=(<PyROOTApplication(_is_ipython=False, keep_polling=True, process_root_events=<...>) at remote 0x7faec0dc7280>,), _kwargs={}, _daemonic=True, _ident=140388121413376, _native_id=34896, _tstate_lock=<_thread.lock at remote 0x7faea82355d0>, _started=<Event(_cond=<Condition(_lock=<_thread.lock at remote 0x7faec0dc70f0>, acquire=<built-in method acquire of _thread.lock object at remote 0x7faec0dc70f0>, release=<built-in method release of _thread.lock object at remote 0x7faec0dc70f0>, _waiters=<collections.deque at remote 0x7faec0dcd340>) at remote 0x7faec0dc7250>, _flag=True) at remote 0x7faec0dc7fa0>, _is_stopped=False, _initialized=True, _stderr=<_io.TextIOWrapper at remote 0x7faec0ecfe10>, _invoke_excepthook=<function at remote 0x7faea81...(truncated), tstate=0x389e880) at ./Include/internal/pycore_ceval.h:40
#64 function_code_fastcall (tstate=0x389e880, co=<optimized out>, args=<optimized out>, nargs=0x1, globals=<optimized out>) at Objects/call.c:330
#65 0x00007faec088b68c in _PyObject_VectorcallTstate (kwnames=0x0, nargsf=0x1, args=0x7faea81b7e68, callable=<function at remote 0x7faeaa8ac0d0>, tstate=0x389e880) at ./Include/cpython/abstract.h:118
#66 method_vectorcall (method=<optimized out>, args=0x7faec0f28058, nargsf=<optimized out>, kwnames=0x0) at Objects/classobject.c:61
#67 0x00007faec0a12809 in t_bootstrap (boot_raw=0x7faea8235510) at ./Modules/_threadmodule.c:1040
#68 0x00007faec09b9e27 in pythread_wrapper (arg=<optimized out>) at Python/thread_pthread.h:245
#69 0x00007faec0179ea5 in start_thread () from /lib64/libpthread.so.0
#70 0x00007faebf799b0d in clone () from /lib64/libc.so.6

===========================================================


Second canvas has been created, but I should have gotten seg. fault at this point.Exception in thread Thread-1:
Traceback (most recent call last):
  File "/cvmfs/ilc.desy.de/key4hep/spackages/python/3.9.10/x86_64-centos7-gcc11.2.0-opt/7j5vqgmqodwjxxe2ssf42zxb2uqxi374/lib/python3.9/threading.py", line 973, in _bootstrap_inner
    self.run()
  File "/cvmfs/ilc.desy.de/key4hep/spackages/python/3.9.10/x86_64-centos7-gcc11.2.0-opt/7j5vqgmqodwjxxe2ssf42zxb2uqxi374/lib/python3.9/threading.py", line 910, in run
    self._target(*self._args, **self._kwargs)
  File "/cvmfs/ilc.desy.de/key4hep/spackages/root/6.26.06/x86_64-centos7-gcc11.2.0-opt/dctcyvzmo7xg4dehiooyfl24oevtaids/lib/ROOT/_application.py", line 91, in _process_root_events
    gSystem.ProcessEvents()
cppyy.ll.SegmentationViolation: bool TSystem::ProcessEvents() =>
    SegmentationViolation: segfault in C++; program state was reset
^CTraceback (most recent call last):
  File "/afs/desy.de/user/d/dudarboh/analysis/misc/test.py", line 12, in <module>
    
  File "/afs/desy.de/user/d/dudarboh/analysis/misc/test.py", line 10, in test_function
    print("Second canvas has been created.
KeyboardInterrupt
```

I think the most important bit is here:

```batch
===========================================================
#9  0x00007faebe93656a in TNamed::Streamer (this=0x4991600, R__b=...) at /tmp/madlener/spack-stage/spack-stage-root-6.26.06-dctcyvzmo7xg4dehiooyfl24oevtaids/spack-build-dctcyvz/core/G__Core.cxx:21041
#10 0x00007faea6e9c223 in TCanvas::Resize (this=0x4cf5a50) at /tmp/madlener/spack-stage/spack-stage-root-6.26.06-dctcyvzmo7xg4dehiooyfl24oevtaids/spack-src/graf2d/gpad/src/TCanvas.cxx:1740
#11 0x00007fae9fca7ae8 in TRootCanvas::HandleContainerConfigure (this=0x4c0a660) at /tmp/madlener/spack-stage/spack-stage-root-6.26.06-dctcyvzmo7xg4dehiooyfl24oevtaids/spack-src/gui/gui/src/TRootCanvas.cxx:1789
#12 0x00007fae9fbe4a3d in TGFrame::HandleEvent (this=0x4c5e710, event=0x7faea81b7150) at /tmp/madlener/spack-stage/spack-stage-root-6.26.06-dctcyvzmo7xg4dehiooyfl24oevtaids/spack-src/gui/gui/src/TGFrame.cxx:476
#13 0x00007fae9fb946ba in TGClient::HandleEvent (this=0x406c600, event=0x7faea81b7150) at /tmp/madlener/spack-stage/spack-stage-root-6.26.06-dctcyvzmo7xg4dehiooyfl24oevtaids/spack-src/gui/gui/src/TGClient.cxx:844
#14 0x00007fae9fb949ed in TGClient::ProcessOneEvent (this=0x406c600) at /tmp/madlener/spack-stage/spack-stage-root-6.26.06-dctcyvzmo7xg4dehiooyfl24oevtaids/spack-src/gui/gui/src/TGClient.cxx:654
#15 TGClient::ProcessOneEvent (this=0x406c600) at /tmp/madlener/spack-stage/spack-stage-root-6.26.06-dctcyvzmo7xg4dehiooyfl24oevtaids/spack-src/gui/gui/src/TGClient.cxx:646
#16 0x00007fae9fb94a2b in TGClient::HandleInput (this=0x406c600) at /tmp/madlener/spack-stage/spack-stage-root-6.26.06-dctcyvzmo7xg4dehiooyfl24oevtaids/spack-src/gui/gui/src/TGClient.cxx:701
#17 0x00007faebe8e49b0 in TUnixSystem::DispatchOneEvent (this=0xccec00, pendingOnly=<optimized out>) at /tmp/madlener/spack-stage/spack-stage-root-6.26.06-dctcyvzmo7xg4dehiooyfl24oevtaids/spack-src/core/unix/src/TUnixSystem.cxx:1055
#18 0x00007faebe80ca1a in TSystem::ProcessEvents (this=0xccec00) at /tmp/madlener/spack-stage/spack-stage-root-6.26.06-dctcyvzmo7xg4dehiooyfl24oevtaids/spack-src/core/base/src/TSystem.cxx:424
```

As I understand, something goes wrong during the `TUnixSystem::DispatchOneEvent()`, which causes the crash.. E.g. it tries to access already deleted canvas?

As you say this doesn't happen in Mac, I have checked and `TMacOSXSystem::DispatchOneEvent()` has slightly different implementation:

**Relevant part in Unix**
https://github.com/root-project/root/blob/79a67bf050101a9a7aad9089b6e79200b7ab9ce3/core/unix/src/TUnixSystem.cxx#L1049-L1057

**Relevant part in Mac**
https://github.com/root-project/root/blob/79a67bf050101a9a7aad9089b6e79200b7ab9ce3/core/macosx/src/TMacOSXSystem.mm#L362-L374

Which is identical, except for the if statement `if (ProcessPendingEvents())`, which I have no clue what it does and why Unix is missing it...

Blame of this if statement gets me to this commit:
https://github.com/root-project/root/commit/9237f8c51c53e4805adda9f0a1d0c0242e484fca

But it doesn't really help me here... Maybe you have a better idea what can be happening here?

**Comment by dudarboh** [comment]
I have also ran code  in gdb: `gdb --args python3 test.py`

And sometimes I get that **Thread 2** received SIGSEGV...

```gdb
[Detaching after fork from child process 39742]
[Detaching after fork from child process 39744]
[Detaching after fork from child process 39746]
[Detaching after fork from child process 39748]
[Detaching after fork from child process 39753]
[Detaching after fork from child process 39755]
[Detaching after fork from child process 39758]
[New Thread 0x7fffdf212700 (LWP 39764)]
[*] Failed to find objfile or not a valid file format: [Errno 2] No such file or directory: '.gnu_debugdata for /lib64/libXcursor.so.1'
[*] Failed to find objfile or not a valid file format: [Errno 2] No such file or directory: '.gnu_debugdata for /lib64/libXfixes.so.3'
First canvas has been created
Next: Create canvas again with the same name and get the warning
Warning in <TCanvas::Constructor>: Deleting canvas with same name: test

Thread 2 "python3" received signal SIGSEGV, Segmentation fault.
[Switching to Thread 0x7fffdf212700 (LWP 39764)]
0x00007fffddef621d in TCanvas::Resize (this=0x4729d00) at /tmp/madlener/spack-stage/spack-stage-root-6.26.06-dctcyvzmo7xg4dehiooyfl24oevtaids/spack-src/graf2d/gpad/src/TCanvas.cxx:1740
1740	/tmp/madlener/spack-stage/spack-stage-root-6.26.06-dctcyvzmo7xg4dehiooyfl24oevtaids/spack-src/graf2d/gpad/src/TCanvas.cxx: No such file or directory.

[ Legend: Modified register | Code | Heap | Stack | String ]
───────────────────────────────────────────────────────────────────────────────────────────────────────────────────────────── registers ────
$rax   : 0xd0000000d       
$rbx   : 0x00000003aed770  →  0x007fffd6f29030  →  0x007ffff583b790  →  <TObject::DoError(int,+0> push r15
$rcx   : 0x007fffd8004400  →  0x0000000000000000
$rdx   : 0xffffffff        
$rsp   : 0x007fffdf211020  →  0x0000001900000002
$rbp   : 0x00000004729d00  →  0x007fffde172a90  →  0x007ffff583b790  →  <TObject::DoError(int,+0> push r15
$rsi   : 0x0               
$rdi   : 0x000000043c5a70  →  0x00000d0000000d ("\r"?)
$rip   : 0x007fffddef621d  →  <TCanvas::Resize(char+0> call QWORD PTR [rax+0x208]
$r8    : 0x007fffd801d870  →  0x0000000000000000
$r9    : 0x007fffd80044b0  →  0x007fffd801d870  →  0x0000000000000000
$r10   : 0x19000200800015  
$r11   : 0x0               
$r12   : 0x0000000402a3a0  →  0x007ffff2e17250  →  0x007ffff2bfaf50  →  <ROOT::TRWMutexImp<std::mutex,+0> mov rax, QWORD PTR [rip+0x21e681]        # 0x7ffff2e195d8
$r13   : 0x000000043c5a70  →  0x00000d0000000d ("\r"?)
$r14   : 0x3               
$r15   : 0x0000000339ea90  →  0x00007fff00000001
$eflags: [ZERO carry PARITY adjust sign trap INTERRUPT direction overflow RESUME virtualx86 identification]
$cs: 0x33 $ss: 0x2b $ds: 0x00 $es: 0x00 $fs: 0x00 $gs: 0x00 
───────────────────────────────────────────────────────────────────────────────────────────────────────────────────────────────── stack ────
0x007fffdf211020│+0x0000: 0x0000001900000002	 ← $rsp
0x007fffdf211028│+0x0008: 0x0000000402a3a0  →  0x007ffff2e17250  →  0x007ffff2bfaf50  →  <ROOT::TRWMutexImp<std::mutex,+0> mov rax, QWORD PTR [rip+0x21e681]        # 0x7ffff2e195d8
0x007fffdf211030│+0x0010: 0x0000000463e910  →  0x007fffd6f60388  →  0x007ffff583b790  →  <TObject::DoError(int,+0> push r15
0x007fffdf211038│+0x0018: 0x007fffdf211150  →  0x0000000000000a ("\n"?)
0x007fffdf211040│+0x0020: 0x007fffdf211080  →  0x007ffff5c8abf0  →  0x007ffff583b790  →  <TObject::DoError(int,+0> push r15
0x007fffdf211048│+0x0028: 0x007fffd6c2bae8  →  <TRootCanvas::HandleContainerConfigure(Event_t*)+40> mov rdi, QWORD PTR [rbp+0x198]
0x007fffdf211050│+0x0030: 0x007fffdf211080  →  0x007ffff5c8abf0  →  0x007ffff583b790  →  <TObject::DoError(int,+0> push r15
0x007fffdf211058│+0x0038: 0x00000003aed770  →  0x007fffd6f29030  →  0x007ffff583b790  →  <TObject::DoError(int,+0> push r15
─────────────────────────────────────────────────────────────────────────────────────────────────────────────────────────── code:x86:64 ────
   0x7fffddef6214 <TCanvas::Resize(char+0> mov    rax, QWORD PTR [r13+0x0]
   0x7fffddef6218 <TCanvas::Resize(char+0> xor    esi, esi
   0x7fffddef621a <TCanvas::Resize(char+0> mov    rdi, r13
 → 0x7fffddef621d <TCanvas::Resize(char+0> call   QWORD PTR [rax+0x208]
   0x7fffddef6223 <TCanvas::Resize(char+0> test   r12, r12
   0x7fffddef6226 <TCanvas::Resize(char+0> je     0x7fffddef62d5 <_ZN7TCanvas6ResizeEPKc+485>
   0x7fffddef622c <TCanvas::Resize(char+0> mov    rax, QWORD PTR [r12]
   0x7fffddef6230 <TCanvas::Resize(char+0> mov    rdx, QWORD PTR [rax+0x20]
   0x7fffddef6234 <TCanvas::Resize(char+0> cmp    rdx, QWORD PTR [rip+0x284925]        # 0x7fffde17ab60
─────────────────────────────────────────────────────────────────────────────────────────────────────────────────── arguments (guessed) ────
*[rax+0x208] (
   $rdi = 0x000000043c5a70 → 0x00000d0000000d ("\r"?),
   $rsi = 0x00000000000000,
   $rdx = 0x000000ffffffff,
   $rcx = 0x007fffd8004400 → 0x0000000000000000,
   $r8 = 0x007fffd801d870 → 0x0000000000000000,
   $r9 = 0x007fffd80044b0 → 0x007fffd801d870 → 0x0000000000000000
)
─────────────────────────────────────────────────────────────────────────────────────────────────────────────────────────────── threads ────
[#0] Id 1, Name: "python3", stopped 0x7ffff71d7de2 in pthread_cond_timedwait@@GLIBC_2.3.2 (), reason: SIGSEGV
[#1] Id 2, Name: "python3", stopped 0x7fffddef621d in TCanvas::Resize (), reason: SIGSEGV
───────────────────────────────────────────────────────────────────────────────────────────────────────────────────────────────── trace ────
[#0] 0x7fffddef621d → TCanvas::Resize(this=0x4729d00)
[#1] 0x7fffd6c2bae8 → TRootCanvas::HandleContainerConfigure(this=0x463e910)
[#2] 0x7fffd6b68a3d → TGFrame::HandleEvent(this=0x46940a0, event=0x7fffdf211150)
[#3] 0x7fffd6b186ba → TGClient::HandleEvent(this=0x3aed770, event=0x7fffdf211150)
[#4] 0x7fffd6b189ed → TGClient::ProcessOneEvent(this=0x3aed770)
[#5] 0x7fffd6b189ed → TGClient::ProcessOneEvent(this=0x3aed770)
[#6] 0x7fffd6b18a2b → TGClient::HandleInput(this=0x3aed770)
[#7] 0x7ffff593e9b0 → TUnixSystem::DispatchOneEvent(this=0x7034f0, pendingOnly=<optimized out>)
[#8] 0x7ffff5866a1a → TSystem::ProcessEvents(this=0x7034f0)
[#9] 0x7ffff7fd6012 → mov rcx, QWORD PTR [rsp+0x10]
───────────────────────────────────────────────────────────
```

While sometimes it executes normally:

```gdb
[Detaching after fork from child process 40508]
[Detaching after fork from child process 40510]
[Detaching after fork from child process 40514]
[Detaching after fork from child process 40516]
[Detaching after fork from child process 40519]
[Detaching after fork from child process 40523]
[Detaching after fork from child process 40526]
[New Thread 0x7fffdf212700 (LWP 40534)]
[*] Failed to find objfile or not a valid file format: [Errno 2] No such file or directory: '.gnu_debugdata for /lib64/libXcursor.so.1'
[*] Failed to find objfile or not a valid file format: [Errno 2] No such file or directory: '.gnu_debugdata for /lib64/libXfixes.so.3'
First canvas has been created
Next: Create canvas again with the same name and get the warning
Warning in <TCanvas::Constructor>: Deleting canvas with same name: test
Second canvas has been created.
I should have gotten undefined behaviour at this point. E.g. Seg. fault.
[Thread 0x7fffdf212700 (LWP 40534) exited]
[Inferior 1 (process 40503) exited normally]
Python Exception <class 'UnicodeEncodeError'>: 'ascii' codec can't encode character '\u27a4' in position 12: ordinal not in range(128)
```

**Comment by dudarboh** [comment]
As I found out now `ROOT::EnableImplicitMT()` calls `EnableThreadSafety()`, where it is explicitly specified in the docs that `TCanvas` objects are not made thread-safe here:

https://root.cern/doc/master/namespaceROOT.html#a3332c2f629881ab608768fa6846f440e

So I guess... This is an expected un-supported behaviour at the moment... Which is puzzling if it works on Mac by chance :D

**Comment by couet** [comment]
Do you have the same crash if you turn your seimple example into C++ ?

**Comment by dudarboh** [comment]
No.
I have tried and C++ analough does not crash...

**Comment by couet** [comment]
looks like a python issue in that case ?

**Comment by eguiraud** [comment]
@couet even if the crash happens only in Python it might be a ROOT issue if it's a crash caused by ROOT.

However, @dudarboh even the latest reproducer works fine for me on my laptop with a recent build of trunk and on lxplus with ROOT v6.28.00 taken from `/cvmfs/sft.cern.ch/lcg/views/LCG_103/x86_64-centos7-gcc11-opt/setup.sh`, so still no way to reproduce your crash :disappointed:

**Comment by eguiraud** [comment]
> TCanvas objects are not made thread-safe

That is true but you are not using TCanvases from multiple threads concurrently :smile: In fact you only run code in one thread in your code above, no multi-thread code is actually run as far as I can tell.

**Comment by dudarboh** [comment]
@eguiraud , thanks for the feedback!

Ineed I have tried my reproducer with `/cvmfs/sft.cern.ch/lcg/views/LCG_103/x86_64-centos7-gcc11-opt/setup.sh`
and everything seems to work properly!

So I assume something magical happened between
`root 6.26.06` and `root 6.28.00`
or between
`Python 3.9.10` and `Python 3.9.12`

I will close the issue then. Thanks for your time investigating this :pray:.
